<?xml version="1.0" encoding="UTF-8"?>
<testng-results ignored="0" total="1" passed="1" failed="0" skipped="0">
  <reporter-output>
  </reporter-output>
  <suite started-at="2020-05-15T01:13:16Z" name="Suite" finished-at="2020-05-15T01:13:50Z" duration-ms="34123">
    <groups>
    </groups>
    <test started-at="2020-05-15T01:13:16Z" name="Test" finished-at="2020-05-15T01:13:50Z" duration-ms="34123">
      <class name="com.companyname.scripts.Login">
        <test-method is-config="true" signature="initialisation()[pri:0, instance:com.companyname.scripts.Login@71e9ddb4]" started-at="2020-05-15T01:13:16Z" name="initialisation" finished-at="2020-05-15T01:13:16Z" duration-ms="391" status="PASS">
          <reporter-output>
          </reporter-output>
        </test-method> <!-- initialisation -->
        <test-method is-config="true" signature="preCondition(java.lang.reflect.Method, java.lang.String, java.lang.String)[pri:0, instance:com.companyname.scripts.Login@71e9ddb4]" started-at="2020-05-15T01:13:17Z" name="preCondition" finished-at="2020-05-15T01:13:38Z" duration-ms="21145" status="PASS">
          <params>
            <param index="0">
              <value>
                <![CDATA[public void com.companyname.scripts.Login.testLogin(java.lang.String,java.lang.String) throws java.lang.InterruptedException]]>
              </value>
            </param>
            <param index="1">
              <value>
                <![CDATA[chrome]]>
              </value>
            </param>
            <param index="2">
              <value>
                <![CDATA[http://127.0.0.1/orangehrm-4.1/symfony/web/index.php/auth/login]]>
              </value>
            </param>
          </params>
          <reporter-output>
          </reporter-output>
        </test-method> <!-- preCondition -->
        <test-method signature="testLogin(java.lang.String, java.lang.String)[pri:0, instance:com.companyname.scripts.Login@71e9ddb4]" started-at="2020-05-15T01:13:38Z" name="testLogin" data-provider="loginCredentials" finished-at="2020-05-15T01:13:49Z" duration-ms="11115" status="PASS">
          <params>
            <param index="0">
              <value>
                <![CDATA[admin]]>
              </value>
            </param>
            <param index="1">
              <value>
                <![CDATA[$Uj!th1&Kum@r$]]>
              </value>
            </param>
          </params>
          <reporter-output>
          </reporter-output>
        </test-method> <!-- testLogin -->
        <test-method is-config="true" signature="postCondition(org.testng.ITestResult)[pri:0, instance:com.companyname.scripts.Login@71e9ddb4]" started-at="2020-05-15T01:13:49Z" name="postCondition" finished-at="2020-05-15T01:13:50Z" duration-ms="683" status="PASS">
          <params>
            <param index="0">
              <value>
                <![CDATA[[TestResult name=testLogin status=SUCCESS method=Login.testLogin(java.lang.String, java.lang.String)[pri:0, instance:com.companyname.scripts.Login@71e9ddb4] output={null}]]]>
              </value>
            </param>
          </params>
          <reporter-output>
          </reporter-output>
        </test-method> <!-- postCondition -->
        <test-method is-config="true" signature="tearDown()[pri:0, instance:com.companyname.scripts.Login@71e9ddb4]" started-at="2020-05-15T01:13:50Z" name="tearDown" finished-at="2020-05-15T01:13:52Z" duration-ms="1218" status="PASS">
          <reporter-output>
          </reporter-output>
        </test-method> <!-- tearDown -->
      </class> <!-- com.companyname.scripts.Login -->
    </test> <!-- Test -->
  </suite> <!-- Suite -->
</testng-results>
